{
  "C:\\Work\\coding test\\node-typescript-boilerplate\\src\\index.ts": {
    "path": "C:\\Work\\coding test\\node-typescript-boilerplate\\src\\index.ts",
    "statementMap": {
      "0": {
        "start": { "line": 1, "column": 0 },
        "end": { "line": 1, "column": 27 }
      },
      "1": {
        "start": { "line": 2, "column": 0 },
        "end": { "line": 2, "column": 43 }
      },
      "2": {
        "start": { "line": 3, "column": 0 },
        "end": { "line": 3, "column": 47 }
      },
      "3": {
        "start": { "line": 6, "column": 0 },
        "end": { "line": 6, "column": 12 }
      },
      "4": {
        "start": { "line": 11, "column": 0 },
        "end": { "line": 11, "column": 42 }
      },
      "5": {
        "start": { "line": 12, "column": 13 },
        "end": { "line": 12, "column": 28 }
      },
      "6": {
        "start": { "line": 14, "column": 0 },
        "end": { "line": 17, "column": 5 }
      },
      "7": {
        "start": { "line": 15, "column": 4 },
        "end": { "line": 15, "column": null }
      },
      "8": {
        "start": { "line": 16, "column": 7 },
        "end": { "line": 16, "column": 18 }
      }
    },
    "fnMap": {
      "0": {
        "name": "(anonymous_0)",
        "decl": {
          "start": { "line": 14, "column": 17 },
          "end": { "line": 14, "column": 20 }
        },
        "loc": {
          "start": { "line": 14, "column": 22 },
          "end": { "line": 17, "column": 3 }
        }
      }
    },
    "branchMap": {
      "0": {
        "loc": {
          "start": { "line": 11, "column": 16 },
          "end": { "line": 11, "column": 40 }
        },
        "type": "binary-expr",
        "locations": [
          {
            "start": { "line": 11, "column": 16 },
            "end": { "line": 11, "column": 32 }
          },
          {
            "start": { "line": 11, "column": 36 },
            "end": { "line": 11, "column": 40 }
          }
        ]
      }
    },
    "s": {
      "0": 0,
      "1": 0,
      "2": 0,
      "3": 0,
      "4": 0,
      "5": 0,
      "6": 0,
      "7": 0,
      "8": 0
    },
    "f": { "0": 0 },
    "b": { "0": [0, 0] }
  },
  "C:\\Work\\coding test\\node-typescript-boilerplate\\src\\server.ts": {
    "path": "C:\\Work\\coding test\\node-typescript-boilerplate\\src\\server.ts",
    "statementMap": {
      "0": {
        "start": { "line": 1, "column": 0 },
        "end": { "line": 1, "column": 37 }
      },
      "1": {
        "start": { "line": 2, "column": 0 },
        "end": { "line": 2, "column": 30 }
      },
      "2": {
        "start": { "line": 3, "column": 0 },
        "end": { "line": 3, "column": 57 }
      },
      "3": {
        "start": { "line": 6, "column": 12 },
        "end": { "line": 6, "column": 21 }
      },
      "4": {
        "start": { "line": 11, "column": 0 },
        "end": { "line": 11, "column": 27 }
      },
      "5": {
        "start": { "line": 12, "column": 0 },
        "end": { "line": 12, "column": 52 }
      },
      "6": {
        "start": { "line": 19, "column": 0 },
        "end": { "line": 21, "column": 3 }
      },
      "7": {
        "start": { "line": 20, "column": 2 },
        "end": { "line": 20, "column": 26 }
      },
      "8": {
        "start": { "line": 24, "column": 0 },
        "end": { "line": 24, "column": null }
      },
      "9": {
        "start": { "line": 27, "column": 0 },
        "end": { "line": 27, "column": 19 }
      }
    },
    "fnMap": {
      "0": {
        "name": "(anonymous_0)",
        "decl": {
          "start": { "line": 19, "column": 13 },
          "end": { "line": 19, "column": 14 }
        },
        "loc": {
          "start": { "line": 19, "column": 27 },
          "end": { "line": 21, "column": 1 }
        }
      }
    },
    "branchMap": {},
    "s": {
      "0": 1,
      "1": 1,
      "2": 1,
      "3": 1,
      "4": 1,
      "5": 1,
      "6": 1,
      "7": 0,
      "8": 1,
      "9": 1
    },
    "f": { "0": 0 },
    "b": {}
  },
  "C:\\Work\\coding test\\node-typescript-boilerplate\\src\\models\\city.ts": {
    "path": "C:\\Work\\coding test\\node-typescript-boilerplate\\src\\models\\city.ts",
    "statementMap": {
      "0": {
        "start": { "line": 1, "column": 0 },
        "end": { "line": 1, "column": 31 }
      },
      "1": {
        "start": { "line": 4, "column": 19 },
        "end": { "line": 51, "column": 2 }
      },
      "2": {
        "start": { "line": 52, "column": 0 },
        "end": { "line": 52, "column": 43 }
      },
      "3": {
        "start": { "line": 54, "column": 13 },
        "end": { "line": 54, "column": 47 }
      },
      "4": {
        "start": { "line": 56, "column": 0 },
        "end": { "line": 56, "column": 20 }
      }
    },
    "fnMap": {},
    "branchMap": {},
    "s": { "0": 1, "1": 1, "2": 1, "3": 1, "4": 1 },
    "f": {},
    "b": {}
  },
  "C:\\Work\\coding test\\node-typescript-boilerplate\\src\\routes\\api\\suggestions.ts": {
    "path": "C:\\Work\\coding test\\node-typescript-boilerplate\\src\\routes\\api\\suggestions.ts",
    "statementMap": {
      "0": {
        "start": { "line": 3, "column": 0 },
        "end": { "line": 3, "column": 52 }
      },
      "1": {
        "start": { "line": 4, "column": 0 },
        "end": { "line": 4, "column": 48 }
      },
      "2": {
        "start": { "line": 5, "column": 0 },
        "end": { "line": 5, "column": 56 }
      },
      "3": {
        "start": { "line": 6, "column": 0 },
        "end": { "line": 6, "column": 48 }
      },
      "4": {
        "start": { "line": 8, "column": 23 },
        "end": { "line": 8, "column": 31 }
      },
      "5": {
        "start": { "line": 26, "column": 19 },
        "end": { "line": 26, "column": 35 }
      },
      "6": {
        "start": { "line": 16, "column": 0 },
        "end": { "line": 24, "column": 3 }
      },
      "7": {
        "start": { "line": 16, "column": 74 },
        "end": { "line": 24, "column": 2 }
      },
      "8": {
        "start": { "line": 17, "column": 2 },
        "end": { "line": 23, "column": null }
      },
      "9": {
        "start": { "line": 18, "column": 17 },
        "end": { "line": 18, "column": 48 }
      },
      "10": {
        "start": { "line": 19, "column": 4 },
        "end": { "line": 19, "column": 72 }
      },
      "11": {
        "start": { "line": 21, "column": 4 },
        "end": { "line": 21, "column": 31 }
      },
      "12": {
        "start": { "line": 22, "column": 4 },
        "end": { "line": 22, "column": 82 }
      }
    },
    "fnMap": {
      "0": {
        "name": "(anonymous_0)",
        "decl": {
          "start": { "line": 16, "column": 36 },
          "end": { "line": 16, "column": 43 }
        },
        "loc": {
          "start": { "line": 16, "column": 74 },
          "end": { "line": 24, "column": 2 }
        }
      },
      "1": {
        "name": "(anonymous_1)",
        "decl": {
          "start": { "line": 16, "column": 74 },
          "end": { "line": 16, "column": null }
        },
        "loc": {
          "start": { "line": 16, "column": 74 },
          "end": { "line": 24, "column": 1 }
        }
      }
    },
    "branchMap": {},
    "s": {
      "0": 1,
      "1": 1,
      "2": 1,
      "3": 1,
      "4": 1,
      "5": 1,
      "6": 1,
      "7": 2,
      "8": 2,
      "9": 2,
      "10": 2,
      "11": 0,
      "12": 0
    },
    "f": { "0": 2, "1": 2 },
    "b": {}
  },
  "C:\\Work\\coding test\\node-typescript-boilerplate\\src\\services\\suggestions.ts": {
    "path": "C:\\Work\\coding test\\node-typescript-boilerplate\\src\\services\\suggestions.ts",
    "statementMap": {
      "0": {
        "start": { "line": 2, "column": 0 },
        "end": { "line": 2, "column": 25 }
      },
      "1": {
        "start": { "line": 3, "column": 0 },
        "end": { "line": 3, "column": 29 }
      },
      "2": {
        "start": { "line": 4, "column": 0 },
        "end": { "line": 4, "column": 24 }
      },
      "3": {
        "start": { "line": 5, "column": 0 },
        "end": { "line": 5, "column": 35 }
      },
      "4": {
        "start": { "line": 15, "column": 4 },
        "end": { "line": 40, "column": null }
      },
      "5": {
        "start": { "line": 16, "column": 24 },
        "end": { "line": 16, "column": 41 }
      },
      "6": {
        "start": { "line": 17, "column": 8 },
        "end": { "line": 19, "column": null }
      },
      "7": {
        "start": { "line": 18, "column": 12 },
        "end": { "line": 18, "column": null }
      },
      "8": {
        "start": { "line": 20, "column": 25 },
        "end": { "line": 20, "column": 84 }
      },
      "9": {
        "start": { "line": 21, "column": 21 },
        "end": { "line": 21, "column": 65 }
      },
      "10": {
        "start": { "line": 22, "column": 24 },
        "end": { "line": 22, "column": 34 }
      },
      "11": {
        "start": { "line": 23, "column": 26 },
        "end": { "line": 23, "column": 44 }
      },
      "12": {
        "start": { "line": 24, "column": 25 },
        "end": { "line": 35, "column": 10 }
      },
      "13": {
        "start": { "line": 24, "column": 53 },
        "end": { "line": 35, "column": 10 }
      },
      "14": {
        "start": { "line": 25, "column": 32 },
        "end": { "line": 25, "column": 34 }
      },
      "15": {
        "start": { "line": 26, "column": 12 },
        "end": { "line": 34, "column": null }
      },
      "16": {
        "start": { "line": 27, "column": 16 },
        "end": { "line": 27, "column": null }
      },
      "17": {
        "start": { "line": 28, "column": 16 },
        "end": { "line": 28, "column": null }
      },
      "18": {
        "start": { "line": 29, "column": 16 },
        "end": { "line": 32, "column": null }
      },
      "19": {
        "start": { "line": 33, "column": 16 },
        "end": { "line": 33, "column": null }
      },
      "20": {
        "start": { "line": 36, "column": 8 },
        "end": { "line": 36, "column": 43 }
      },
      "21": {
        "start": { "line": 38, "column": 8 },
        "end": { "line": 38, "column": 27 }
      },
      "22": {
        "start": { "line": 39, "column": 8 },
        "end": { "line": 39, "column": 21 }
      },
      "23": {
        "start": { "line": 14, "column": 0 },
        "end": { "line": 14, "column": 22 }
      },
      "24": {
        "start": { "line": 49, "column": 4 },
        "end": { "line": 73, "column": null }
      },
      "25": {
        "start": { "line": 50, "column": 26 },
        "end": { "line": 50, "column": 46 }
      },
      "26": {
        "start": { "line": 52, "column": 8 },
        "end": { "line": 54, "column": null }
      },
      "27": {
        "start": { "line": 53, "column": 12 },
        "end": { "line": 53, "column": 43 }
      },
      "28": {
        "start": { "line": 55, "column": 23 },
        "end": { "line": 55, "column": 37 }
      },
      "29": {
        "start": { "line": 56, "column": 21 },
        "end": { "line": 56, "column": 22 }
      },
      "30": {
        "start": { "line": 57, "column": 8 },
        "end": { "line": 59, "column": null }
      },
      "31": {
        "start": { "line": 58, "column": 10 },
        "end": { "line": 58, "column": 36 }
      },
      "32": {
        "start": { "line": 61, "column": 8 },
        "end": { "line": 67, "column": null }
      },
      "33": {
        "start": { "line": 62, "column": 30 },
        "end": { "line": 62, "column": 55 }
      },
      "34": {
        "start": { "line": 63, "column": 29 },
        "end": { "line": 63, "column": 53 }
      },
      "35": {
        "start": { "line": 64, "column": 12 },
        "end": { "line": 64, "column": null }
      },
      "36": {
        "start": { "line": 66, "column": 12 },
        "end": { "line": 66, "column": null }
      },
      "37": {
        "start": { "line": 68, "column": 24 },
        "end": { "line": 68, "column": 51 }
      },
      "38": {
        "start": { "line": 69, "column": 8 },
        "end": { "line": 69, "column": 23 }
      },
      "39": {
        "start": { "line": 71, "column": 8 },
        "end": { "line": 71, "column": 27 }
      },
      "40": {
        "start": { "line": 72, "column": 8 },
        "end": { "line": 72, "column": 18 }
      },
      "41": {
        "start": { "line": 48, "column": 0 },
        "end": { "line": 48, "column": 22 }
      },
      "42": {
        "start": { "line": 83, "column": 4 },
        "end": { "line": 121, "column": null }
      },
      "43": {
        "start": { "line": 82, "column": 0 },
        "end": { "line": 82, "column": 16 }
      },
      "44": {
        "start": { "line": 131, "column": 4 },
        "end": { "line": 167, "column": 6 }
      },
      "45": {
        "start": { "line": 130, "column": 0 },
        "end": { "line": 130, "column": 16 }
      }
    },
    "fnMap": {
      "0": {
        "name": "seedData",
        "decl": {
          "start": { "line": 14, "column": 22 },
          "end": { "line": 14, "column": 30 }
        },
        "loc": {
          "start": { "line": 14, "column": 30 },
          "end": { "line": 41, "column": null }
        }
      },
      "1": {
        "name": "(anonymous_2)",
        "decl": {
          "start": { "line": 24, "column": 40 },
          "end": { "line": 24, "column": 47 }
        },
        "loc": {
          "start": { "line": 24, "column": 53 },
          "end": { "line": 35, "column": 10 }
        }
      },
      "2": {
        "name": "(anonymous_3)",
        "decl": {
          "start": { "line": 24, "column": 53 },
          "end": { "line": 24, "column": null }
        },
        "loc": {
          "start": { "line": 24, "column": 53 },
          "end": { "line": 35, "column": 9 }
        }
      },
      "3": {
        "name": "getSuggestions",
        "decl": {
          "start": { "line": 48, "column": 22 },
          "end": { "line": 48, "column": 36 }
        },
        "loc": {
          "start": { "line": 48, "column": 49 },
          "end": { "line": 74, "column": null }
        }
      },
      "4": {
        "name": "getMatchQuery",
        "decl": {
          "start": { "line": 82, "column": 16 },
          "end": { "line": 82, "column": 29 }
        },
        "loc": {
          "start": { "line": 82, "column": 106 },
          "end": { "line": 122, "column": 1 }
        }
      },
      "5": {
        "name": "getMatchQueryWithNoLatAndLong",
        "decl": {
          "start": { "line": 130, "column": 16 },
          "end": { "line": 130, "column": 45 }
        },
        "loc": {
          "start": { "line": 130, "column": 68 },
          "end": { "line": 168, "column": 1 }
        }
      }
    },
    "branchMap": {
      "0": {
        "loc": {
          "start": { "line": 17, "column": 8 },
          "end": { "line": 19, "column": null }
        },
        "type": "if",
        "locations": [
          {
            "start": { "line": 17, "column": 8 },
            "end": { "line": 19, "column": null }
          }
        ]
      },
      "1": {
        "loc": {
          "start": { "line": 26, "column": 12 },
          "end": { "line": 34, "column": null }
        },
        "type": "if",
        "locations": [
          {
            "start": { "line": 26, "column": 12 },
            "end": { "line": 34, "column": null }
          }
        ]
      },
      "2": {
        "loc": {
          "start": { "line": 26, "column": 16 },
          "end": { "line": 26, "column": 33 }
        },
        "type": "binary-expr",
        "locations": [
          {
            "start": { "line": 26, "column": 16 },
            "end": { "line": 26, "column": 23 }
          },
          {
            "start": { "line": 26, "column": 27 },
            "end": { "line": 26, "column": 33 }
          }
        ]
      },
      "3": {
        "loc": {
          "start": { "line": 52, "column": 8 },
          "end": { "line": 54, "column": null }
        },
        "type": "if",
        "locations": [
          {
            "start": { "line": 52, "column": 8 },
            "end": { "line": 54, "column": null }
          }
        ]
      },
      "4": {
        "loc": {
          "start": { "line": 57, "column": 8 },
          "end": { "line": 59, "column": null }
        },
        "type": "if",
        "locations": [
          {
            "start": { "line": 57, "column": 8 },
            "end": { "line": 59, "column": null }
          }
        ]
      },
      "5": {
        "loc": {
          "start": { "line": 61, "column": 8 },
          "end": { "line": 67, "column": null }
        },
        "type": "if",
        "locations": [
          {
            "start": { "line": 61, "column": 8 },
            "end": { "line": 67, "column": null }
          },
          {
            "start": { "line": 65, "column": 15 },
            "end": { "line": 67, "column": null }
          }
        ]
      },
      "6": {
        "loc": {
          "start": { "line": 61, "column": 12 },
          "end": { "line": 61, "column": 49 }
        },
        "type": "binary-expr",
        "locations": [
          {
            "start": { "line": 61, "column": 12 },
            "end": { "line": 61, "column": 29 }
          },
          {
            "start": { "line": 61, "column": 33 },
            "end": { "line": 61, "column": 49 }
          }
        ]
      }
    },
    "s": {
      "0": 1,
      "1": 1,
      "2": 1,
      "3": 1,
      "4": 0,
      "5": 0,
      "6": 0,
      "7": 0,
      "8": 0,
      "9": 0,
      "10": 0,
      "11": 0,
      "12": 0,
      "13": 0,
      "14": 0,
      "15": 0,
      "16": 0,
      "17": 0,
      "18": 0,
      "19": 0,
      "20": 0,
      "21": 0,
      "22": 0,
      "23": 1,
      "24": 2,
      "25": 2,
      "26": 2,
      "27": 2,
      "28": 2,
      "29": 2,
      "30": 2,
      "31": 2,
      "32": 2,
      "33": 2,
      "34": 2,
      "35": 2,
      "36": 0,
      "37": 2,
      "38": 2,
      "39": 0,
      "40": 0,
      "41": 1,
      "42": 2,
      "43": 1,
      "44": 0,
      "45": 1
    },
    "f": { "0": 0, "1": 0, "2": 0, "3": 2, "4": 2, "5": 0 },
    "b": {
      "0": [0],
      "1": [0],
      "2": [0, 0],
      "3": [2],
      "4": [2],
      "5": [2, 0],
      "6": [2, 2]
    }
  },
  "C:\\Work\\coding test\\node-typescript-boilerplate\\src\\validation\\validate.ts": {
    "path": "C:\\Work\\coding test\\node-typescript-boilerplate\\src\\validation\\validate.ts",
    "statementMap": {
      "0": {
        "start": { "line": 1, "column": 0 },
        "end": { "line": 1, "column": 21 }
      },
      "1": {
        "start": { "line": 3, "column": 25 },
        "end": { "line": 9, "column": 2 }
      },
      "2": {
        "start": { "line": 11, "column": 17 },
        "end": { "line": 20, "column": 5 }
      },
      "3": {
        "start": { "line": 12, "column": 26 },
        "end": { "line": 12, "column": 62 }
      },
      "4": {
        "start": { "line": 13, "column": 8 },
        "end": { "line": 18, "column": null }
      },
      "5": {
        "start": { "line": 14, "column": 12 },
        "end": { "line": 17, "column": 15 }
      },
      "6": {
        "start": { "line": 19, "column": 8 },
        "end": { "line": 19, "column": 15 }
      },
      "7": {
        "start": { "line": 22, "column": 4 },
        "end": { "line": 22, "column": 28 }
      }
    },
    "fnMap": {
      "0": {
        "name": "(anonymous_0)",
        "decl": {
          "start": { "line": 11, "column": 17 },
          "end": { "line": 11, "column": 18 }
        },
        "loc": {
          "start": { "line": 11, "column": 36 },
          "end": { "line": 20, "column": 5 }
        }
      }
    },
    "branchMap": {
      "0": {
        "loc": {
          "start": { "line": 13, "column": 8 },
          "end": { "line": 18, "column": null }
        },
        "type": "if",
        "locations": [
          {
            "start": { "line": 13, "column": 8 },
            "end": { "line": 18, "column": null }
          }
        ]
      }
    },
    "s": { "0": 1, "1": 1, "2": 1, "3": 3, "4": 3, "5": 1, "6": 2, "7": 1 },
    "f": { "0": 3 },
    "b": { "0": [1] }
  }
}
