{"C:\\Work\\coding test\\node-typescript-boilerplate\\src\\server.ts": {"path":"C:\\Work\\coding test\\node-typescript-boilerplate\\src\\server.ts","statementMap":{"0":{"start":{"line":1,"column":0},"end":{"line":1,"column":37}},"1":{"start":{"line":2,"column":0},"end":{"line":2,"column":30}},"2":{"start":{"line":3,"column":0},"end":{"line":3,"column":43}},"3":{"start":{"line":4,"column":0},"end":{"line":4,"column":57}},"4":{"start":{"line":5,"column":0},"end":{"line":5,"column":47}},"5":{"start":{"line":7,"column":12},"end":{"line":7,"column":21}},"6":{"start":{"line":10,"column":0},"end":{"line":10,"column":12}},"7":{"start":{"line":13,"column":0},"end":{"line":13,"column":42}},"8":{"start":{"line":14,"column":0},"end":{"line":14,"column":27}},"9":{"start":{"line":15,"column":0},"end":{"line":15,"column":52}},"10":{"start":{"line":22,"column":0},"end":{"line":24,"column":3}},"11":{"start":{"line":23,"column":2},"end":{"line":23,"column":26}},"12":{"start":{"line":27,"column":0},"end":{"line":27,"column":null}},"13":{"start":{"line":30,"column":13},"end":{"line":30,"column":28}},"14":{"start":{"line":38,"column":0},"end":{"line":41,"column":3}},"15":{"start":{"line":39,"column":2},"end":{"line":39,"column":null}},"16":{"start":{"line":40,"column":5},"end":{"line":40,"column":16}},"17":{"start":{"line":43,"column":0},"end":{"line":43,"column":19}}},"fnMap":{"0":{"name":"(anonymous_0)","decl":{"start":{"line":22,"column":13},"end":{"line":22,"column":14}},"loc":{"start":{"line":22,"column":27},"end":{"line":24,"column":1}}},"1":{"name":"(anonymous_1)","decl":{"start":{"line":38,"column":17},"end":{"line":38,"column":20}},"loc":{"start":{"line":38,"column":22},"end":{"line":41,"column":1}}}},"branchMap":{"0":{"loc":{"start":{"line":13,"column":16},"end":{"line":13,"column":40}},"type":"binary-expr","locations":[{"start":{"line":13,"column":16},"end":{"line":13,"column":32}},{"start":{"line":13,"column":36},"end":{"line":13,"column":40}}]}},"s":{"0":0,"1":0,"2":0,"3":0,"4":0,"5":0,"6":0,"7":0,"8":0,"9":0,"10":0,"11":0,"12":0,"13":0,"14":0,"15":0,"16":0,"17":0},"f":{"0":0,"1":0},"b":{"0":[0,0]}}
,"C:\\Work\\coding test\\node-typescript-boilerplate\\src\\models\\city.ts": {"path":"C:\\Work\\coding test\\node-typescript-boilerplate\\src\\models\\city.ts","statementMap":{"0":{"start":{"line":1,"column":0},"end":{"line":1,"column":31}},"1":{"start":{"line":2,"column":18},"end":{"line":2,"column":39}},"2":{"start":{"line":4,"column":19},"end":{"line":51,"column":2}},"3":{"start":{"line":52,"column":0},"end":{"line":52,"column":43}},"4":{"start":{"line":54,"column":13},"end":{"line":54,"column":47}},"5":{"start":{"line":55,"column":9},"end":{"line":55,"column":13}}},"fnMap":{},"branchMap":{},"s":{"0":0,"1":0,"2":0,"3":0,"4":0,"5":0},"f":{},"b":{}}
,"C:\\Work\\coding test\\node-typescript-boilerplate\\src\\routes\\api\\suggestions.ts": {"path":"C:\\Work\\coding test\\node-typescript-boilerplate\\src\\routes\\api\\suggestions.ts","statementMap":{"0":{"start":{"line":3,"column":0},"end":{"line":3,"column":52}},"1":{"start":{"line":4,"column":0},"end":{"line":4,"column":48}},"2":{"start":{"line":5,"column":0},"end":{"line":5,"column":56}},"3":{"start":{"line":7,"column":23},"end":{"line":7,"column":31}},"4":{"start":{"line":28,"column":19},"end":{"line":28,"column":35}},"5":{"start":{"line":15,"column":0},"end":{"line":26,"column":3}},"6":{"start":{"line":15,"column":65},"end":{"line":26,"column":2}},"7":{"start":{"line":16,"column":2},"end":{"line":25,"column":null}},"8":{"start":{"line":18,"column":17},"end":{"line":18,"column":48}},"9":{"start":{"line":19,"column":4},"end":{"line":19,"column":72}},"10":{"start":{"line":23,"column":4},"end":{"line":23,"column":31}},"11":{"start":{"line":24,"column":4},"end":{"line":24,"column":82}}},"fnMap":{"0":{"name":"(anonymous_0)","decl":{"start":{"line":15,"column":27},"end":{"line":15,"column":34}},"loc":{"start":{"line":15,"column":65},"end":{"line":26,"column":2}}},"1":{"name":"(anonymous_1)","decl":{"start":{"line":15,"column":65},"end":{"line":15,"column":null}},"loc":{"start":{"line":15,"column":65},"end":{"line":26,"column":1}}}},"branchMap":{},"s":{"0":0,"1":0,"2":0,"3":0,"4":0,"5":0,"6":0,"7":0,"8":0,"9":0,"10":0,"11":0},"f":{"0":0,"1":0},"b":{}}
,"C:\\Work\\coding test\\node-typescript-boilerplate\\src\\services\\suggestions.ts": {"path":"C:\\Work\\coding test\\node-typescript-boilerplate\\src\\services\\suggestions.ts","statementMap":{"0":{"start":{"line":2,"column":0},"end":{"line":2,"column":25}},"1":{"start":{"line":3,"column":0},"end":{"line":3,"column":29}},"2":{"start":{"line":4,"column":0},"end":{"line":4,"column":24}},"3":{"start":{"line":5,"column":0},"end":{"line":5,"column":37}},"4":{"start":{"line":15,"column":4},"end":{"line":40,"column":null}},"5":{"start":{"line":16,"column":24},"end":{"line":16,"column":41}},"6":{"start":{"line":17,"column":8},"end":{"line":19,"column":null}},"7":{"start":{"line":18,"column":12},"end":{"line":18,"column":null}},"8":{"start":{"line":20,"column":25},"end":{"line":20,"column":84}},"9":{"start":{"line":21,"column":21},"end":{"line":21,"column":65}},"10":{"start":{"line":22,"column":24},"end":{"line":22,"column":34}},"11":{"start":{"line":23,"column":26},"end":{"line":23,"column":44}},"12":{"start":{"line":24,"column":25},"end":{"line":35,"column":10}},"13":{"start":{"line":24,"column":53},"end":{"line":35,"column":10}},"14":{"start":{"line":25,"column":30},"end":{"line":25,"column":32}},"15":{"start":{"line":26,"column":12},"end":{"line":34,"column":null}},"16":{"start":{"line":27,"column":16},"end":{"line":27,"column":null}},"17":{"start":{"line":28,"column":16},"end":{"line":28,"column":null}},"18":{"start":{"line":29,"column":16},"end":{"line":32,"column":null}},"19":{"start":{"line":33,"column":16},"end":{"line":33,"column":null}},"20":{"start":{"line":36,"column":8},"end":{"line":36,"column":43}},"21":{"start":{"line":38,"column":8},"end":{"line":38,"column":27}},"22":{"start":{"line":39,"column":8},"end":{"line":39,"column":21}},"23":{"start":{"line":14,"column":0},"end":{"line":14,"column":22}},"24":{"start":{"line":43,"column":4},"end":{"line":70,"column":null}},"25":{"start":{"line":44,"column":26},"end":{"line":44,"column":46}},"26":{"start":{"line":45,"column":29},"end":{"line":45,"column":52}},"27":{"start":{"line":46,"column":23},"end":{"line":46,"column":37}},"28":{"start":{"line":47,"column":21},"end":{"line":47,"column":22}},"29":{"start":{"line":48,"column":8},"end":{"line":50,"column":null}},"30":{"start":{"line":49,"column":10},"end":{"line":49,"column":36}},"31":{"start":{"line":52,"column":8},"end":{"line":64,"column":null}},"32":{"start":{"line":53,"column":30},"end":{"line":53,"column":55}},"33":{"start":{"line":54,"column":29},"end":{"line":54,"column":53}},"34":{"start":{"line":55,"column":12},"end":{"line":55,"column":null}},"35":{"start":{"line":57,"column":12},"end":{"line":63,"column":14}},"36":{"start":{"line":65,"column":24},"end":{"line":65,"column":51}},"37":{"start":{"line":66,"column":8},"end":{"line":66,"column":23}},"38":{"start":{"line":68,"column":8},"end":{"line":68,"column":27}},"39":{"start":{"line":69,"column":8},"end":{"line":69,"column":18}},"40":{"start":{"line":42,"column":0},"end":{"line":42,"column":22}},"41":{"start":{"line":74,"column":4},"end":{"line":112,"column":null}},"42":{"start":{"line":73,"column":0},"end":{"line":73,"column":16}}},"fnMap":{"0":{"name":"seedData","decl":{"start":{"line":14,"column":22},"end":{"line":14,"column":30}},"loc":{"start":{"line":14,"column":30},"end":{"line":41,"column":null}}},"1":{"name":"(anonymous_2)","decl":{"start":{"line":24,"column":40},"end":{"line":24,"column":47}},"loc":{"start":{"line":24,"column":53},"end":{"line":35,"column":10}}},"2":{"name":"(anonymous_3)","decl":{"start":{"line":24,"column":53},"end":{"line":24,"column":null}},"loc":{"start":{"line":24,"column":53},"end":{"line":35,"column":9}}},"3":{"name":"getSuggestions","decl":{"start":{"line":42,"column":22},"end":{"line":42,"column":36}},"loc":{"start":{"line":42,"column":49},"end":{"line":71,"column":null}}},"4":{"name":"getMatchQuery","decl":{"start":{"line":73,"column":16},"end":{"line":73,"column":29}},"loc":{"start":{"line":73,"column":106},"end":{"line":113,"column":1}}}},"branchMap":{"0":{"loc":{"start":{"line":17,"column":8},"end":{"line":19,"column":null}},"type":"if","locations":[{"start":{"line":17,"column":8},"end":{"line":19,"column":null}}]},"1":{"loc":{"start":{"line":26,"column":12},"end":{"line":34,"column":null}},"type":"if","locations":[{"start":{"line":26,"column":12},"end":{"line":34,"column":null}}]},"2":{"loc":{"start":{"line":26,"column":16},"end":{"line":26,"column":33}},"type":"binary-expr","locations":[{"start":{"line":26,"column":16},"end":{"line":26,"column":23}},{"start":{"line":26,"column":27},"end":{"line":26,"column":33}}]},"3":{"loc":{"start":{"line":48,"column":8},"end":{"line":50,"column":null}},"type":"if","locations":[{"start":{"line":48,"column":8},"end":{"line":50,"column":null}}]},"4":{"loc":{"start":{"line":52,"column":8},"end":{"line":64,"column":null}},"type":"if","locations":[{"start":{"line":52,"column":8},"end":{"line":64,"column":null}},{"start":{"line":56,"column":15},"end":{"line":64,"column":null}}]},"5":{"loc":{"start":{"line":52,"column":12},"end":{"line":52,"column":49}},"type":"binary-expr","locations":[{"start":{"line":52,"column":12},"end":{"line":52,"column":29}},{"start":{"line":52,"column":33},"end":{"line":52,"column":49}}]}},"s":{"0":0,"1":0,"2":0,"3":0,"4":0,"5":0,"6":0,"7":0,"8":0,"9":0,"10":0,"11":0,"12":0,"13":0,"14":0,"15":0,"16":0,"17":0,"18":0,"19":0,"20":0,"21":0,"22":0,"23":0,"24":0,"25":0,"26":0,"27":0,"28":0,"29":0,"30":0,"31":0,"32":0,"33":0,"34":0,"35":0,"36":0,"37":0,"38":0,"39":0,"40":0,"41":0,"42":0},"f":{"0":0,"1":0,"2":0,"3":0,"4":0},"b":{"0":[0],"1":[0],"2":[0,0],"3":[0],"4":[0,0],"5":[0,0]}}
,"C:\\Work\\coding test\\node-typescript-boilerplate\\src\\validation\\validate.ts": {"path":"C:\\Work\\coding test\\node-typescript-boilerplate\\src\\validation\\validate.ts","statementMap":{"0":{"start":{"line":1,"column":0},"end":{"line":1,"column":21}},"1":{"start":{"line":3,"column":25},"end":{"line":9,"column":2}},"2":{"start":{"line":11,"column":19},"end":{"line":20,"column":5}},"3":{"start":{"line":12,"column":26},"end":{"line":12,"column":61}},"4":{"start":{"line":13,"column":8},"end":{"line":18,"column":null}},"5":{"start":{"line":14,"column":12},"end":{"line":17,"column":15}},"6":{"start":{"line":19,"column":8},"end":{"line":19,"column":15}},"7":{"start":{"line":22,"column":4},"end":{"line":22,"column":30}}},"fnMap":{"0":{"name":"(anonymous_0)","decl":{"start":{"line":11,"column":19},"end":{"line":11,"column":20}},"loc":{"start":{"line":11,"column":38},"end":{"line":20,"column":5}}}},"branchMap":{"0":{"loc":{"start":{"line":13,"column":8},"end":{"line":18,"column":null}},"type":"if","locations":[{"start":{"line":13,"column":8},"end":{"line":18,"column":null}}]}},"s":{"0":0,"1":0,"2":0,"3":0,"4":0,"5":0,"6":0,"7":0},"f":{"0":0},"b":{"0":[0]}}
}
