TN:
SF:src\index.ts
FN:12,(anonymous_0)
FNF:1
FNH:0
FNDA:0,(anonymous_0)
DA:1,0
DA:2,0
DA:3,0
DA:6,0
DA:9,0
DA:10,0
DA:12,0
DA:13,0
DA:14,0
LF:9
LH:0
BRDA:9,0,0,0
BRDA:9,0,1,0
BRF:2
BRH:0
end_of_record
TN:
SF:src\server.ts
FN:13,(anonymous_0)
FNF:1
FNH:0
FNDA:0,(anonymous_0)
DA:1,1
DA:2,1
DA:3,1
DA:5,1
DA:7,1
DA:8,1
DA:13,1
DA:14,0
DA:17,1
DA:19,1
LF:10
LH:9
BRF:0
BRH:0
end_of_record
TN:
SF:src\models\city.ts
FNF:0
FNH:0
DA:1,1
DA:3,1
DA:50,1
DA:52,1
DA:54,1
LF:5
LH:5
BRF:0
BRH:0
end_of_record
TN:
SF:src\routes\api\suggestions.ts
FN:14,(anonymous_0)
FN:14,(anonymous_1)
FNF:2
FNH:2
FNDA:2,(anonymous_0)
FNDA:2,(anonymous_1)
DA:1,1
DA:2,1
DA:3,1
DA:4,1
DA:6,1
DA:14,2
DA:15,2
DA:16,2
DA:17,2
DA:19,0
DA:20,0
DA:26,1
LF:12
LH:10
BRF:0
BRH:0
end_of_record
TN:
SF:src\services\suggestions.ts
FN:14,seedData
FN:24,(anonymous_2)
FN:24,(anonymous_3)
FN:48,getSuggestions
FN:82,getMatchQuery
FN:130,getMatchQueryWithNoLatAndLong
FNF:6
FNH:2
FNDA:0,seedData
FNDA:0,(anonymous_2)
FNDA:0,(anonymous_3)
FNDA:2,getSuggestions
FNDA:2,getMatchQuery
FNDA:0,getMatchQueryWithNoLatAndLong
DA:2,1
DA:3,1
DA:4,1
DA:5,1
DA:14,1
DA:15,0
DA:16,0
DA:17,0
DA:18,0
DA:20,0
DA:21,0
DA:22,0
DA:23,0
DA:24,0
DA:25,0
DA:26,0
DA:27,0
DA:28,0
DA:29,0
DA:33,0
DA:36,0
DA:38,0
DA:39,0
DA:48,1
DA:49,2
DA:50,2
DA:52,2
DA:53,2
DA:55,2
DA:56,2
DA:57,2
DA:58,2
DA:61,2
DA:62,2
DA:63,2
DA:64,2
DA:66,0
DA:68,2
DA:69,2
DA:71,0
DA:72,0
DA:82,1
DA:83,2
DA:130,1
DA:131,0
LF:45
LH:23
BRDA:17,0,0,0
BRDA:26,1,0,0
BRDA:26,2,0,0
BRDA:26,2,1,0
BRDA:52,3,0,2
BRDA:57,4,0,2
BRDA:61,5,0,2
BRDA:61,5,1,0
BRDA:61,6,0,2
BRDA:61,6,1,2
BRF:10
BRH:5
end_of_record
TN:
SF:src\validation\validate.ts
FN:11,(anonymous_0)
FNF:1
FNH:1
FNDA:3,(anonymous_0)
DA:1,1
DA:3,1
DA:11,1
DA:12,3
DA:13,3
DA:14,1
DA:19,2
DA:22,1
LF:8
LH:8
BRDA:13,0,0,1
BRF:1
BRH:1
end_of_record
